[debug] [2020-11-01T18:08:55.355Z] ----------------------------------------------------------------------
[debug] [2020-11-01T18:08:55.360Z] Command:       /usr/local/bin/node /usr/local/bin/firebase deploy
[debug] [2020-11-01T18:08:55.361Z] CLI Version:   7.13.1
[debug] [2020-11-01T18:08:55.361Z] Platform:      linux
[debug] [2020-11-01T18:08:55.361Z] Node Version:  v12.16.1
[debug] [2020-11-01T18:08:55.425Z] Time:          Sun Nov 01 2020 23:38:55 GMT+0530 (India Standard Time)
[debug] [2020-11-01T18:08:55.426Z] ----------------------------------------------------------------------
[debug] [2020-11-01T18:08:55.426Z] 
[debug] [2020-11-01T18:08:55.499Z] > command requires scopes: ["email","openid","https://www.googleapis.com/auth/cloudplatformprojects.readonly","https://www.googleapis.com/auth/firebase","https://www.googleapis.com/auth/cloud-platform"]
[debug] [2020-11-01T18:08:55.500Z] > authorizing via signed-in user
[debug] [2020-11-01T18:08:55.500Z] [iam] checking project my-site-9f0f7 for permissions ["firebase.projects.get","firebasehosting.sites.update"]
[debug] [2020-11-01T18:08:55.504Z] > refreshing access token with scopes: ["email","https://www.googleapis.com/auth/cloud-platform","https://www.googleapis.com/auth/cloudplatformprojects.readonly","https://www.googleapis.com/auth/firebase","openid"]
[debug] [2020-11-01T18:08:55.504Z] >>> HTTP REQUEST POST https://www.googleapis.com/oauth2/v3/token  
 <request body omitted>
[debug] [2020-11-01T18:08:56.008Z] <<< HTTP RESPONSE 400
[debug] [2020-11-01T18:08:56.010Z] >>> HTTP REQUEST POST https://cloudresourcemanager.googleapis.com/v1/projects/my-site-9f0f7:testIamPermissions  

[debug] [2020-11-01T18:08:57.686Z] <<< HTTP RESPONSE 401
[debug] [2020-11-01T18:08:57.686Z] <<< HTTP RESPONSE BODY
[debug] [2020-11-01T18:08:57.689Z] [iam] error while checking permissions, command may fail: FirebaseError: HTTP Error: 401, Request had invalid authentication credentials. Expected OAuth 2 access token, login cookie or other valid authentication credential. See https://developers.google.com/identity/sign-in/web/devconsole-project.
[debug] [2020-11-01T18:08:57.691Z] > refreshing access token with scopes: ["email","https://www.googleapis.com/auth/cloud-platform","https://www.googleapis.com/auth/cloudplatformprojects.readonly","https://www.googleapis.com/auth/firebase","openid"]
[debug] [2020-11-01T18:08:57.691Z] >>> HTTP REQUEST POST https://www.googleapis.com/oauth2/v3/token  
 <request body omitted>
[debug] [2020-11-01T18:08:58.054Z] <<< HTTP RESPONSE 400
[debug] [2020-11-01T18:08:58.055Z] >>> HTTP REQUEST GET https://firebase.googleapis.com/v1beta1/projects/my-site-9f0f7  
 
[debug] [2020-11-01T18:08:58.534Z] <<< HTTP RESPONSE 401
[debug] [2020-11-01T18:08:58.535Z] <<< HTTP RESPONSE BODY
[debug] [2020-11-01T18:08:58.536Z] HTTP Error: 401, Request had invalid authentication credentials. Expected OAuth 2 access token, login cookie or other valid authentication credential. See https://developers.google.com/identity/sign-in/web/devconsole-project.
[debug] [2020-11-01T18:08:58.992Z] FirebaseError: HTTP Error: 401, Request had invalid authentication credentials. Expected OAuth 2 access token, login cookie or other valid authentication credential. See https://developers.google.com/identity/sign-in/web/devconsole-project.
    at module.exports (/usr/local/lib/node_modules/firebase-tools/lib/responseToError.js:38:12)
    at Request._callback (/usr/local/lib/node_modules/firebase-tools/lib/api.js:39:35)
    at Request.self.callback (/usr/local/lib/node_modules/firebase-tools/node_modules/request/request.js:185:22)
    at Request.emit (events.js:311:20)
    at Request.EventEmitter.emit (domain.js:482:12)
    at Request.<anonymous> (/usr/local/lib/node_modules/firebase-tools/node_modules/request/request.js:1154:10)
    at Request.emit (events.js:311:20)
    at Request.EventEmitter.emit (domain.js:482:12)
    at IncomingMessage.<anonymous> (/usr/local/lib/node_modules/firebase-tools/node_modules/request/request.js:1076:12)
    at Object.onceWrapper (events.js:417:28)
    at IncomingMessage.emit (events.js:323:22)
    at IncomingMessage.EventEmitter.emit (domain.js:482:12)
    at endReadableNT (_stream_readable.js:1204:12)
    at processTicksAndRejections (internal/process/task_queues.js:84:21)
[error] 
[error] Error: Failed to get Firebase project my-site-9f0f7. Please make sure the project exists and your account has permission to access it.
